{
  "/Users/ihimanshu2/webapp_l02_grp15/src/cryptometrics/pages/_app.js": {
    "path": "/Users/ihimanshu2/webapp_l02_grp15/src/cryptometrics/pages/_app.js",
    "statementMap": {
      "0": {
        "start": {
          "line": 9,
          "column": 0
        },
        "end": {
          "line": 9,
          "column": 62
        }
      },
      "1": {
        "start": {
          "line": 9,
          "column": 43
        },
        "end": {
          "line": 9,
          "column": 60
        }
      },
      "2": {
        "start": {
          "line": 10,
          "column": 0
        },
        "end": {
          "line": 10,
          "column": 64
        }
      },
      "3": {
        "start": {
          "line": 10,
          "column": 46
        },
        "end": {
          "line": 10,
          "column": 62
        }
      },
      "4": {
        "start": {
          "line": 11,
          "column": 0
        },
        "end": {
          "line": 11,
          "column": 61
        }
      },
      "5": {
        "start": {
          "line": 11,
          "column": 43
        },
        "end": {
          "line": 11,
          "column": 59
        }
      },
      "6": {
        "start": {
          "line": 13,
          "column": 20
        },
        "end": {
          "line": 13,
          "column": 37
        }
      },
      "7": {
        "start": {
          "line": 16,
          "column": 2
        },
        "end": {
          "line": 22,
          "column": 4
        }
      }
    },
    "fnMap": {
      "0": {
        "name": "(anonymous_0)",
        "decl": {
          "start": {
            "line": 9,
            "column": 37
          },
          "end": {
            "line": 9,
            "column": 38
          }
        },
        "loc": {
          "start": {
            "line": 9,
            "column": 43
          },
          "end": {
            "line": 9,
            "column": 60
          }
        },
        "line": 9
      },
      "1": {
        "name": "(anonymous_1)",
        "decl": {
          "start": {
            "line": 10,
            "column": 40
          },
          "end": {
            "line": 10,
            "column": 41
          }
        },
        "loc": {
          "start": {
            "line": 10,
            "column": 46
          },
          "end": {
            "line": 10,
            "column": 62
          }
        },
        "line": 10
      },
      "2": {
        "name": "(anonymous_2)",
        "decl": {
          "start": {
            "line": 11,
            "column": 37
          },
          "end": {
            "line": 11,
            "column": 38
          }
        },
        "loc": {
          "start": {
            "line": 11,
            "column": 43
          },
          "end": {
            "line": 11,
            "column": 59
          }
        },
        "line": 11
      },
      "3": {
        "name": "MyApp",
        "decl": {
          "start": {
            "line": 15,
            "column": 9
          },
          "end": {
            "line": 15,
            "column": 14
          }
        },
        "loc": {
          "start": {
            "line": 15,
            "column": 41
          },
          "end": {
            "line": 23,
            "column": 1
          }
        },
        "line": 15
      }
    },
    "branchMap": {},
    "s": {
      "0": 36,
      "1": 0,
      "2": 36,
      "3": 0,
      "4": 36,
      "5": 0,
      "6": 36,
      "7": 72
    },
    "f": {
      "0": 0,
      "1": 0,
      "2": 0,
      "3": 72
    },
    "b": {},
    "_coverageSchema": "1a1c01bbd47fc00a2c39e90264f33305004495a9",
    "hash": "b8dbef0ec2f4792419b9113b814f8510b3fd12f5"
  },
  "/Users/ihimanshu2/webapp_l02_grp15/src/cryptometrics/components/content/Container.js": {
    "path": "/Users/ihimanshu2/webapp_l02_grp15/src/cryptometrics/components/content/Container.js",
    "statementMap": {
      "0": {
        "start": {
          "line": 4,
          "column": 2
        },
        "end": {
          "line": 8,
          "column": 4
        }
      }
    },
    "fnMap": {
      "0": {
        "name": "Container",
        "decl": {
          "start": {
            "line": 3,
            "column": 9
          },
          "end": {
            "line": 3,
            "column": 18
          }
        },
        "loc": {
          "start": {
            "line": 3,
            "column": 26
          },
          "end": {
            "line": 9,
            "column": 1
          }
        },
        "line": 3
      }
    },
    "branchMap": {},
    "s": {
      "0": 299
    },
    "f": {
      "0": 299
    },
    "b": {},
    "_coverageSchema": "1a1c01bbd47fc00a2c39e90264f33305004495a9",
    "hash": "f0f3cc71818aa6e62b0e2c97c89d684a6528d1b3"
  },
  "/Users/ihimanshu2/webapp_l02_grp15/src/cryptometrics/components/content/Main.js": {
    "path": "/Users/ihimanshu2/webapp_l02_grp15/src/cryptometrics/components/content/Main.js",
    "statementMap": {
      "0": {
        "start": {
          "line": 4,
          "column": 2
        },
        "end": {
          "line": 8,
          "column": 4
        }
      }
    },
    "fnMap": {
      "0": {
        "name": "Main",
        "decl": {
          "start": {
            "line": 3,
            "column": 9
          },
          "end": {
            "line": 3,
            "column": 13
          }
        },
        "loc": {
          "start": {
            "line": 3,
            "column": 21
          },
          "end": {
            "line": 9,
            "column": 1
          }
        },
        "line": 3
      }
    },
    "branchMap": {},
    "s": {
      "0": 299
    },
    "f": {
      "0": 299
    },
    "b": {},
    "_coverageSchema": "1a1c01bbd47fc00a2c39e90264f33305004495a9",
    "hash": "27f4616706f723da6813082216758512c20be884"
  },
  "/Users/ihimanshu2/webapp_l02_grp15/src/cryptometrics/components/titles/BoldGradientHeading.js": {
    "path": "/Users/ihimanshu2/webapp_l02_grp15/src/cryptometrics/components/titles/BoldGradientHeading.js",
    "statementMap": {
      "0": {
        "start": {
          "line": 4,
          "column": 2
        },
        "end": {
          "line": 8,
          "column": 4
        }
      }
    },
    "fnMap": {
      "0": {
        "name": "BoldGradientHeading",
        "decl": {
          "start": {
            "line": 3,
            "column": 9
          },
          "end": {
            "line": 3,
            "column": 28
          }
        },
        "loc": {
          "start": {
            "line": 3,
            "column": 43
          },
          "end": {
            "line": 9,
            "column": 1
          }
        },
        "line": 3
      }
    },
    "branchMap": {},
    "s": {
      "0": 290
    },
    "f": {
      "0": 290
    },
    "b": {},
    "_coverageSchema": "1a1c01bbd47fc00a2c39e90264f33305004495a9",
    "hash": "ffe72a8ab1f2c164afa199287eca8fa9feebf96d"
  },
  "/Users/ihimanshu2/webapp_l02_grp15/src/cryptometrics/components/content/Wrapper.js": {
    "path": "/Users/ihimanshu2/webapp_l02_grp15/src/cryptometrics/components/content/Wrapper.js",
    "statementMap": {
      "0": {
        "start": {
          "line": 4,
          "column": 2
        },
        "end": {
          "line": 4,
          "column": 54
        }
      }
    },
    "fnMap": {
      "0": {
        "name": "Wrapper",
        "decl": {
          "start": {
            "line": 3,
            "column": 9
          },
          "end": {
            "line": 3,
            "column": 16
          }
        },
        "loc": {
          "start": {
            "line": 3,
            "column": 24
          },
          "end": {
            "line": 5,
            "column": 1
          }
        },
        "line": 3
      }
    },
    "branchMap": {},
    "s": {
      "0": 299
    },
    "f": {
      "0": 299
    },
    "b": {},
    "_coverageSchema": "1a1c01bbd47fc00a2c39e90264f33305004495a9",
    "hash": "9677e6cb231c54e1697a480c57d84337b0cb9025"
  },
  "/Users/ihimanshu2/webapp_l02_grp15/src/cryptometrics/components/sidebar/SidebarItem.js": {
    "path": "/Users/ihimanshu2/webapp_l02_grp15/src/cryptometrics/components/sidebar/SidebarItem.js",
    "statementMap": {
      "0": {
        "start": {
          "line": 6,
          "column": 2
        },
        "end": {
          "line": 23,
          "column": 4
        }
      }
    },
    "fnMap": {
      "0": {
        "name": "SidebarItem",
        "decl": {
          "start": {
            "line": 5,
            "column": 9
          },
          "end": {
            "line": 5,
            "column": 20
          }
        },
        "loc": {
          "start": {
            "line": 5,
            "column": 50
          },
          "end": {
            "line": 24,
            "column": 1
          }
        },
        "line": 5
      }
    },
    "branchMap": {},
    "s": {
      "0": 580
    },
    "f": {
      "0": 580
    },
    "b": {},
    "_coverageSchema": "1a1c01bbd47fc00a2c39e90264f33305004495a9",
    "hash": "c708ee5c1272ba8f21cb00fdd33dbd24a0ae5d27"
  },
  "/Users/ihimanshu2/webapp_l02_grp15/src/cryptometrics/components/sidebar/Sidebar.js": {
    "path": "/Users/ihimanshu2/webapp_l02_grp15/src/cryptometrics/components/sidebar/Sidebar.js",
    "statementMap": {
      "0": {
        "start": {
          "line": 8,
          "column": 2
        },
        "end": {
          "line": 44,
          "column": 4
        }
      }
    },
    "fnMap": {
      "0": {
        "name": "Sidebar",
        "decl": {
          "start": {
            "line": 7,
            "column": 9
          },
          "end": {
            "line": 7,
            "column": 16
          }
        },
        "loc": {
          "start": {
            "line": 7,
            "column": 29
          },
          "end": {
            "line": 45,
            "column": 1
          }
        },
        "line": 7
      }
    },
    "branchMap": {},
    "s": {
      "0": 290
    },
    "f": {
      "0": 290
    },
    "b": {},
    "_coverageSchema": "1a1c01bbd47fc00a2c39e90264f33305004495a9",
    "hash": "c8ad6d83762581ce85f8f7c43d524edcdb62d163"
  },
  "/Users/ihimanshu2/webapp_l02_grp15/src/cryptometrics/queries/queries.js": {
    "path": "/Users/ihimanshu2/webapp_l02_grp15/src/cryptometrics/queries/queries.js",
    "statementMap": {
      "0": {
        "start": {
          "line": 7,
          "column": 18
        },
        "end": {
          "line": 7,
          "column": 34
        }
      },
      "1": {
        "start": {
          "line": 8,
          "column": 2
        },
        "end": {
          "line": 29,
          "column": 4
        }
      },
      "2": {
        "start": {
          "line": 11,
          "column": 6
        },
        "end": {
          "line": 15,
          "column": 33
        }
      },
      "3": {
        "start": {
          "line": 15,
          "column": 23
        },
        "end": {
          "line": 15,
          "column": 31
        }
      },
      "4": {
        "start": {
          "line": 21,
          "column": 8
        },
        "end": {
          "line": 21,
          "column": 31
        }
      },
      "5": {
        "start": {
          "line": 24,
          "column": 8
        },
        "end": {
          "line": 26,
          "column": 11
        }
      },
      "6": {
        "start": {
          "line": 38,
          "column": 18
        },
        "end": {
          "line": 38,
          "column": 44
        }
      },
      "7": {
        "start": {
          "line": 39,
          "column": 12
        },
        "end": {
          "line": 39,
          "column": 117
        }
      },
      "8": {
        "start": {
          "line": 40,
          "column": 2
        },
        "end": {
          "line": 49,
          "column": 3
        }
      },
      "9": {
        "start": {
          "line": 41,
          "column": 22
        },
        "end": {
          "line": 41,
          "column": 50
        }
      },
      "10": {
        "start": {
          "line": 42,
          "column": 26
        },
        "end": {
          "line": 42,
          "column": 73
        }
      },
      "11": {
        "start": {
          "line": 43,
          "column": 22
        },
        "end": {
          "line": 47,
          "column": 5
        }
      },
      "12": {
        "start": {
          "line": 44,
          "column": 6
        },
        "end": {
          "line": 46,
          "column": 14
        }
      },
      "13": {
        "start": {
          "line": 48,
          "column": 4
        },
        "end": {
          "line": 48,
          "column": 98
        }
      },
      "14": {
        "start": {
          "line": 50,
          "column": 2
        },
        "end": {
          "line": 69,
          "column": 4
        }
      },
      "15": {
        "start": {
          "line": 55,
          "column": 6
        },
        "end": {
          "line": 55,
          "column": 52
        }
      },
      "16": {
        "start": {
          "line": 55,
          "column": 42
        },
        "end": {
          "line": 55,
          "column": 50
        }
      },
      "17": {
        "start": {
          "line": 61,
          "column": 8
        },
        "end": {
          "line": 61,
          "column": 31
        }
      },
      "18": {
        "start": {
          "line": 64,
          "column": 8
        },
        "end": {
          "line": 66,
          "column": 11
        }
      },
      "19": {
        "start": {
          "line": 77,
          "column": 18
        },
        "end": {
          "line": 77,
          "column": 28
        }
      },
      "20": {
        "start": {
          "line": 78,
          "column": 2
        },
        "end": {
          "line": 101,
          "column": 4
        }
      },
      "21": {
        "start": {
          "line": 83,
          "column": 6
        },
        "end": {
          "line": 87,
          "column": 33
        }
      },
      "22": {
        "start": {
          "line": 87,
          "column": 23
        },
        "end": {
          "line": 87,
          "column": 31
        }
      },
      "23": {
        "start": {
          "line": 93,
          "column": 8
        },
        "end": {
          "line": 93,
          "column": 31
        }
      },
      "24": {
        "start": {
          "line": 96,
          "column": 8
        },
        "end": {
          "line": 98,
          "column": 11
        }
      },
      "25": {
        "start": {
          "line": 105,
          "column": 18
        },
        "end": {
          "line": 105,
          "column": 30
        }
      },
      "26": {
        "start": {
          "line": 106,
          "column": 2
        },
        "end": {
          "line": 127,
          "column": 4
        }
      },
      "27": {
        "start": {
          "line": 109,
          "column": 6
        },
        "end": {
          "line": 113,
          "column": 33
        }
      },
      "28": {
        "start": {
          "line": 113,
          "column": 23
        },
        "end": {
          "line": 113,
          "column": 31
        }
      },
      "29": {
        "start": {
          "line": 119,
          "column": 8
        },
        "end": {
          "line": 119,
          "column": 31
        }
      },
      "30": {
        "start": {
          "line": 122,
          "column": 8
        },
        "end": {
          "line": 124,
          "column": 11
        }
      }
    },
    "fnMap": {
      "0": {
        "name": "useCryptoTimeSeriesData",
        "decl": {
          "start": {
            "line": 6,
            "column": 16
          },
          "end": {
            "line": 6,
            "column": 39
          }
        },
        "loc": {
          "start": {
            "line": 6,
            "column": 76
          },
          "end": {
            "line": 30,
            "column": 1
          }
        },
        "line": 6
      },
      "1": {
        "name": "(anonymous_1)",
        "decl": {
          "start": {
            "line": 10,
            "column": 4
          },
          "end": {
            "line": 10,
            "column": 5
          }
        },
        "loc": {
          "start": {
            "line": 10,
            "column": 10
          },
          "end": {
            "line": 16,
            "column": 5
          }
        },
        "line": 10
      },
      "2": {
        "name": "(anonymous_2)",
        "decl": {
          "start": {
            "line": 15,
            "column": 14
          },
          "end": {
            "line": 15,
            "column": 15
          }
        },
        "loc": {
          "start": {
            "line": 15,
            "column": 23
          },
          "end": {
            "line": 15,
            "column": 31
          }
        },
        "line": 15
      },
      "3": {
        "name": "(anonymous_3)",
        "decl": {
          "start": {
            "line": 20,
            "column": 17
          },
          "end": {
            "line": 20,
            "column": 18
          }
        },
        "loc": {
          "start": {
            "line": 20,
            "column": 23
          },
          "end": {
            "line": 22,
            "column": 7
          }
        },
        "line": 20
      },
      "4": {
        "name": "(anonymous_4)",
        "decl": {
          "start": {
            "line": 23,
            "column": 15
          },
          "end": {
            "line": 23,
            "column": 16
          }
        },
        "loc": {
          "start": {
            "line": 23,
            "column": 21
          },
          "end": {
            "line": 27,
            "column": 7
          }
        },
        "line": 23
      },
      "5": {
        "name": "useCryptoTimeSeriesRangeData",
        "decl": {
          "start": {
            "line": 32,
            "column": 16
          },
          "end": {
            "line": 32,
            "column": 44
          }
        },
        "loc": {
          "start": {
            "line": 37,
            "column": 2
          },
          "end": {
            "line": 70,
            "column": 1
          }
        },
        "line": 37
      },
      "6": {
        "name": "(anonymous_6)",
        "decl": {
          "start": {
            "line": 43,
            "column": 39
          },
          "end": {
            "line": 43,
            "column": 40
          }
        },
        "loc": {
          "start": {
            "line": 44,
            "column": 6
          },
          "end": {
            "line": 46,
            "column": 14
          }
        },
        "line": 44
      },
      "7": {
        "name": "(anonymous_7)",
        "decl": {
          "start": {
            "line": 54,
            "column": 4
          },
          "end": {
            "line": 54,
            "column": 5
          }
        },
        "loc": {
          "start": {
            "line": 54,
            "column": 10
          },
          "end": {
            "line": 56,
            "column": 5
          }
        },
        "line": 54
      },
      "8": {
        "name": "(anonymous_8)",
        "decl": {
          "start": {
            "line": 55,
            "column": 33
          },
          "end": {
            "line": 55,
            "column": 34
          }
        },
        "loc": {
          "start": {
            "line": 55,
            "column": 42
          },
          "end": {
            "line": 55,
            "column": 50
          }
        },
        "line": 55
      },
      "9": {
        "name": "(anonymous_9)",
        "decl": {
          "start": {
            "line": 60,
            "column": 17
          },
          "end": {
            "line": 60,
            "column": 18
          }
        },
        "loc": {
          "start": {
            "line": 60,
            "column": 23
          },
          "end": {
            "line": 62,
            "column": 7
          }
        },
        "line": 60
      },
      "10": {
        "name": "(anonymous_10)",
        "decl": {
          "start": {
            "line": 63,
            "column": 15
          },
          "end": {
            "line": 63,
            "column": 16
          }
        },
        "loc": {
          "start": {
            "line": 63,
            "column": 21
          },
          "end": {
            "line": 67,
            "column": 7
          }
        },
        "line": 63
      },
      "11": {
        "name": "useCryptoList",
        "decl": {
          "start": {
            "line": 72,
            "column": 16
          },
          "end": {
            "line": 72,
            "column": 29
          }
        },
        "loc": {
          "start": {
            "line": 76,
            "column": 2
          },
          "end": {
            "line": 102,
            "column": 1
          }
        },
        "line": 76
      },
      "12": {
        "name": "(anonymous_12)",
        "decl": {
          "start": {
            "line": 82,
            "column": 4
          },
          "end": {
            "line": 82,
            "column": 5
          }
        },
        "loc": {
          "start": {
            "line": 82,
            "column": 10
          },
          "end": {
            "line": 88,
            "column": 5
          }
        },
        "line": 82
      },
      "13": {
        "name": "(anonymous_13)",
        "decl": {
          "start": {
            "line": 87,
            "column": 14
          },
          "end": {
            "line": 87,
            "column": 15
          }
        },
        "loc": {
          "start": {
            "line": 87,
            "column": 23
          },
          "end": {
            "line": 87,
            "column": 31
          }
        },
        "line": 87
      },
      "14": {
        "name": "(anonymous_14)",
        "decl": {
          "start": {
            "line": 92,
            "column": 17
          },
          "end": {
            "line": 92,
            "column": 18
          }
        },
        "loc": {
          "start": {
            "line": 92,
            "column": 23
          },
          "end": {
            "line": 94,
            "column": 7
          }
        },
        "line": 92
      },
      "15": {
        "name": "(anonymous_15)",
        "decl": {
          "start": {
            "line": 95,
            "column": 15
          },
          "end": {
            "line": 95,
            "column": 16
          }
        },
        "loc": {
          "start": {
            "line": 95,
            "column": 21
          },
          "end": {
            "line": 99,
            "column": 7
          }
        },
        "line": 95
      },
      "16": {
        "name": "useCryptoDetail",
        "decl": {
          "start": {
            "line": 104,
            "column": 16
          },
          "end": {
            "line": 104,
            "column": 31
          }
        },
        "loc": {
          "start": {
            "line": 104,
            "column": 44
          },
          "end": {
            "line": 128,
            "column": 1
          }
        },
        "line": 104
      },
      "17": {
        "name": "(anonymous_17)",
        "decl": {
          "start": {
            "line": 108,
            "column": 4
          },
          "end": {
            "line": 108,
            "column": 5
          }
        },
        "loc": {
          "start": {
            "line": 108,
            "column": 10
          },
          "end": {
            "line": 114,
            "column": 5
          }
        },
        "line": 108
      },
      "18": {
        "name": "(anonymous_18)",
        "decl": {
          "start": {
            "line": 113,
            "column": 14
          },
          "end": {
            "line": 113,
            "column": 15
          }
        },
        "loc": {
          "start": {
            "line": 113,
            "column": 23
          },
          "end": {
            "line": 113,
            "column": 31
          }
        },
        "line": 113
      },
      "19": {
        "name": "(anonymous_19)",
        "decl": {
          "start": {
            "line": 118,
            "column": 17
          },
          "end": {
            "line": 118,
            "column": 18
          }
        },
        "loc": {
          "start": {
            "line": 118,
            "column": 23
          },
          "end": {
            "line": 120,
            "column": 7
          }
        },
        "line": 118
      },
      "20": {
        "name": "(anonymous_20)",
        "decl": {
          "start": {
            "line": 121,
            "column": 15
          },
          "end": {
            "line": 121,
            "column": 16
          }
        },
        "loc": {
          "start": {
            "line": 121,
            "column": 21
          },
          "end": {
            "line": 125,
            "column": 7
          }
        },
        "line": 121
      }
    },
    "branchMap": {
      "0": {
        "loc": {
          "start": {
            "line": 6,
            "column": 46
          },
          "end": {
            "line": 6,
            "column": 54
          }
        },
        "type": "default-arg",
        "locations": [
          {
            "start": {
              "line": 6,
              "column": 53
            },
            "end": {
              "line": 6,
              "column": 54
            }
          }
        ],
        "line": 6
      },
      "1": {
        "loc": {
          "start": {
            "line": 6,
            "column": 56
          },
          "end": {
            "line": 6,
            "column": 74
          }
        },
        "type": "default-arg",
        "locations": [
          {
            "start": {
              "line": 6,
              "column": 67
            },
            "end": {
              "line": 6,
              "column": 74
            }
          }
        ],
        "line": 6
      },
      "2": {
        "loc": {
          "start": {
            "line": 36,
            "column": 2
          },
          "end": {
            "line": 36,
            "column": 21
          }
        },
        "type": "default-arg",
        "locations": [
          {
            "start": {
              "line": 36,
              "column": 16
            },
            "end": {
              "line": 36,
              "column": 21
            }
          }
        ],
        "line": 36
      },
      "3": {
        "loc": {
          "start": {
            "line": 40,
            "column": 2
          },
          "end": {
            "line": 49,
            "column": 3
          }
        },
        "type": "if",
        "locations": [
          {
            "start": {
              "line": 40,
              "column": 2
            },
            "end": {
              "line": 49,
              "column": 3
            }
          },
          {
            "start": {},
            "end": {}
          }
        ],
        "line": 40
      },
      "4": {
        "loc": {
          "start": {
            "line": 44,
            "column": 6
          },
          "end": {
            "line": 46,
            "column": 14
          }
        },
        "type": "cond-expr",
        "locations": [
          {
            "start": {
              "line": 45,
              "column": 10
            },
            "end": {
              "line": 45,
              "column": 14
            }
          },
          {
            "start": {
              "line": 46,
              "column": 10
            },
            "end": {
              "line": 46,
              "column": 14
            }
          }
        ],
        "line": 44
      },
      "5": {
        "loc": {
          "start": {
            "line": 52,
            "column": 6
          },
          "end": {
            "line": 52,
            "column": 38
          }
        },
        "type": "cond-expr",
        "locations": [
          {
            "start": {
              "line": 52,
              "column": 20
            },
            "end": {
              "line": 52,
              "column": 26
            }
          },
          {
            "start": {
              "line": 52,
              "column": 29
            },
            "end": {
              "line": 52,
              "column": 38
            }
          }
        ],
        "line": 52
      },
      "6": {
        "loc": {
          "start": {
            "line": 73,
            "column": 2
          },
          "end": {
            "line": 73,
            "column": 18
          }
        },
        "type": "default-arg",
        "locations": [
          {
            "start": {
              "line": 73,
              "column": 13
            },
            "end": {
              "line": 73,
              "column": 18
            }
          }
        ],
        "line": 73
      },
      "7": {
        "loc": {
          "start": {
            "line": 74,
            "column": 2
          },
          "end": {
            "line": 74,
            "column": 25
          }
        },
        "type": "default-arg",
        "locations": [
          {
            "start": {
              "line": 74,
              "column": 23
            },
            "end": {
              "line": 74,
              "column": 25
            }
          }
        ],
        "line": 74
      },
      "8": {
        "loc": {
          "start": {
            "line": 75,
            "column": 2
          },
          "end": {
            "line": 75,
            "column": 18
          }
        },
        "type": "default-arg",
        "locations": [
          {
            "start": {
              "line": 75,
              "column": 14
            },
            "end": {
              "line": 75,
              "column": 18
            }
          }
        ],
        "line": 75
      },
      "9": {
        "loc": {
          "start": {
            "line": 80,
            "column": 6
          },
          "end": {
            "line": 80,
            "column": 36
          }
        },
        "type": "cond-expr",
        "locations": [
          {
            "start": {
              "line": 80,
              "column": 18
            },
            "end": {
              "line": 80,
              "column": 24
            }
          },
          {
            "start": {
              "line": 80,
              "column": 27
            },
            "end": {
              "line": 80,
              "column": 36
            }
          }
        ],
        "line": 80
      }
    },
    "s": {
      "0": 3762,
      "1": 3762,
      "2": 561,
      "3": 561,
      "4": 561,
      "5": 0,
      "6": 208,
      "7": 208,
      "8": 208,
      "9": 0,
      "10": 0,
      "11": 0,
      "12": 0,
      "13": 0,
      "14": 208,
      "15": 28,
      "16": 28,
      "17": 24,
      "18": 0,
      "19": 390,
      "20": 390,
      "21": 36,
      "22": 35,
      "23": 35,
      "24": 0,
      "25": 8,
      "26": 8,
      "27": 2,
      "28": 2,
      "29": 2,
      "30": 0
    },
    "f": {
      "0": 3762,
      "1": 561,
      "2": 561,
      "3": 561,
      "4": 0,
      "5": 208,
      "6": 0,
      "7": 28,
      "8": 28,
      "9": 24,
      "10": 0,
      "11": 390,
      "12": 36,
      "13": 35,
      "14": 35,
      "15": 0,
      "16": 8,
      "17": 2,
      "18": 2,
      "19": 2,
      "20": 0
    },
    "b": {
      "0": [
        0
      ],
      "1": [
        0
      ],
      "2": [
        0
      ],
      "3": [
        0,
        208
      ],
      "4": [
        0,
        0
      ],
      "5": [
        0,
        208
      ],
      "6": [
        0
      ],
      "7": [
        0
      ],
      "8": [
        0
      ],
      "9": [
        0,
        390
      ]
    },
    "_coverageSchema": "1a1c01bbd47fc00a2c39e90264f33305004495a9",
    "hash": "b79403752d9138fee45f14459c206264bc69333e"
  },
  "/Users/ihimanshu2/webapp_l02_grp15/src/cryptometrics/queries/index.js": {
    "path": "/Users/ihimanshu2/webapp_l02_grp15/src/cryptometrics/queries/index.js",
    "statementMap": {},
    "fnMap": {},
    "branchMap": {},
    "s": {},
    "f": {},
    "b": {},
    "_coverageSchema": "1a1c01bbd47fc00a2c39e90264f33305004495a9",
    "hash": "8ec9270dc9237c77e65eb0c10487d02587f4be91"
  },
  "/Users/ihimanshu2/webapp_l02_grp15/src/cryptometrics/components/button/Button.js": {
    "path": "/Users/ihimanshu2/webapp_l02_grp15/src/cryptometrics/components/button/Button.js",
    "statementMap": {
      "0": {
        "start": {
          "line": 17,
          "column": 2
        },
        "end": {
          "line": 28,
          "column": 4
        }
      },
      "1": {
        "start": {
          "line": 31,
          "column": 0
        },
        "end": {
          "line": 52,
          "column": 2
        }
      },
      "2": {
        "start": {
          "line": 54,
          "column": 0
        },
        "end": {
          "line": 56,
          "column": 2
        }
      }
    },
    "fnMap": {
      "0": {
        "name": "Button",
        "decl": {
          "start": {
            "line": 16,
            "column": 9
          },
          "end": {
            "line": 16,
            "column": 15
          }
        },
        "loc": {
          "start": {
            "line": 16,
            "column": 70
          },
          "end": {
            "line": 29,
            "column": 1
          }
        },
        "line": 16
      }
    },
    "branchMap": {
      "0": {
        "loc": {
          "start": {
            "line": 22,
            "column": 15
          },
          "end": {
            "line": 22,
            "column": 45
          }
        },
        "type": "cond-expr",
        "locations": [
          {
            "start": {
              "line": 22,
              "column": 26
            },
            "end": {
              "line": 22,
              "column": 35
            }
          },
          {
            "start": {
              "line": 22,
              "column": 38
            },
            "end": {
              "line": 22,
              "column": 45
            }
          }
        ],
        "line": 22
      },
      "1": {
        "loc": {
          "start": {
            "line": 23,
            "column": 12
          },
          "end": {
            "line": 23,
            "column": 34
          }
        },
        "type": "cond-expr",
        "locations": [
          {
            "start": {
              "line": 23,
              "column": 19
            },
            "end": {
              "line": 23,
              "column": 23
            }
          },
          {
            "start": {
              "line": 23,
              "column": 26
            },
            "end": {
              "line": 23,
              "column": 34
            }
          }
        ],
        "line": 23
      },
      "2": {
        "loc": {
          "start": {
            "line": 24,
            "column": 10
          },
          "end": {
            "line": 24,
            "column": 29
          }
        },
        "type": "cond-expr",
        "locations": [
          {
            "start": {
              "line": 24,
              "column": 15
            },
            "end": {
              "line": 24,
              "column": 17
            }
          },
          {
            "start": {
              "line": 24,
              "column": 20
            },
            "end": {
              "line": 24,
              "column": 29
            }
          }
        ],
        "line": 24
      }
    },
    "s": {
      "0": 1798,
      "1": 36,
      "2": 36
    },
    "f": {
      "0": 1798
    },
    "b": {
      "0": [
        110,
        1688
      ],
      "1": [
        1798,
        0
      ],
      "2": [
        270,
        1528
      ]
    },
    "_coverageSchema": "1a1c01bbd47fc00a2c39e90264f33305004495a9",
    "hash": "68bfa7d2d2c42c9f5e6053bd5acc6646b59db0c7"
  },
  "/Users/ihimanshu2/webapp_l02_grp15/src/cryptometrics/components/button/ToggleButton.js": {
    "path": "/Users/ihimanshu2/webapp_l02_grp15/src/cryptometrics/components/button/ToggleButton.js",
    "statementMap": {
      "0": {
        "start": {
          "line": 18,
          "column": 2
        },
        "end": {
          "line": 51,
          "column": 4
        }
      },
      "1": {
        "start": {
          "line": 31,
          "column": 23
        },
        "end": {
          "line": 31,
          "column": 36
        }
      },
      "2": {
        "start": {
          "line": 54,
          "column": 0
        },
        "end": {
          "line": 75,
          "column": 2
        }
      }
    },
    "fnMap": {
      "0": {
        "name": "ToggleButton",
        "decl": {
          "start": {
            "line": 17,
            "column": 9
          },
          "end": {
            "line": 17,
            "column": 21
          }
        },
        "loc": {
          "start": {
            "line": 17,
            "column": 79
          },
          "end": {
            "line": 52,
            "column": 1
          }
        },
        "line": 17
      },
      "1": {
        "name": "(anonymous_1)",
        "decl": {
          "start": {
            "line": 31,
            "column": 17
          },
          "end": {
            "line": 31,
            "column": 18
          }
        },
        "loc": {
          "start": {
            "line": 31,
            "column": 23
          },
          "end": {
            "line": 31,
            "column": 36
          }
        },
        "line": 31
      }
    },
    "branchMap": {
      "0": {
        "loc": {
          "start": {
            "line": 35,
            "column": 7
          },
          "end": {
            "line": 49,
            "column": 7
          }
        },
        "type": "binary-expr",
        "locations": [
          {
            "start": {
              "line": 35,
              "column": 7
            },
            "end": {
              "line": 35,
              "column": 14
            }
          },
          {
            "start": {
              "line": 36,
              "column": 8
            },
            "end": {
              "line": 48,
              "column": 15
            }
          }
        ],
        "line": 35
      }
    },
    "s": {
      "0": 1040,
      "1": 0,
      "2": 36
    },
    "f": {
      "0": 1040,
      "1": 0
    },
    "b": {
      "0": [
        1040,
        1040
      ]
    },
    "_coverageSchema": "1a1c01bbd47fc00a2c39e90264f33305004495a9",
    "hash": "0556308af1b3511d2999fe9e51f19f4ed4b72e35"
  },
  "/Users/ihimanshu2/webapp_l02_grp15/src/cryptometrics/components/button/FilterButton.js": {
    "path": "/Users/ihimanshu2/webapp_l02_grp15/src/cryptometrics/components/button/FilterButton.js",
    "statementMap": {
      "0": {
        "start": {
          "line": 5,
          "column": 2
        },
        "end": {
          "line": 13,
          "column": 4
        }
      }
    },
    "fnMap": {
      "0": {
        "name": "FilterButton",
        "decl": {
          "start": {
            "line": 4,
            "column": 24
          },
          "end": {
            "line": 4,
            "column": 36
          }
        },
        "loc": {
          "start": {
            "line": 4,
            "column": 56
          },
          "end": {
            "line": 14,
            "column": 1
          }
        },
        "line": 4
      }
    },
    "branchMap": {},
    "s": {
      "0": 270
    },
    "f": {
      "0": 270
    },
    "b": {},
    "_coverageSchema": "1a1c01bbd47fc00a2c39e90264f33305004495a9",
    "hash": "7b88b98def5039a038c794aec5fb879a8d52e811"
  },
  "/Users/ihimanshu2/webapp_l02_grp15/src/cryptometrics/components/button/index.js": {
    "path": "/Users/ihimanshu2/webapp_l02_grp15/src/cryptometrics/components/button/index.js",
    "statementMap": {},
    "fnMap": {},
    "branchMap": {},
    "s": {},
    "f": {},
    "b": {},
    "_coverageSchema": "1a1c01bbd47fc00a2c39e90264f33305004495a9",
    "hash": "7880ea07971595d89c1c3dc556942445d63f67d4"
  },
  "/Users/ihimanshu2/webapp_l02_grp15/src/cryptometrics/hooks/useFilters.js": {
    "path": "/Users/ihimanshu2/webapp_l02_grp15/src/cryptometrics/hooks/useFilters.js",
    "statementMap": {
      "0": {
        "start": {
          "line": 12,
          "column": 32
        },
        "end": {
          "line": 12,
          "column": 54
        }
      },
      "1": {
        "start": {
          "line": 14,
          "column": 30
        },
        "end": {
          "line": 25,
          "column": 3
        }
      },
      "2": {
        "start": {
          "line": 15,
          "column": 4
        },
        "end": {
          "line": 23,
          "column": 5
        }
      },
      "3": {
        "start": {
          "line": 15,
          "column": 17
        },
        "end": {
          "line": 15,
          "column": 18
        }
      },
      "4": {
        "start": {
          "line": 16,
          "column": 6
        },
        "end": {
          "line": 22,
          "column": 7
        }
      },
      "5": {
        "start": {
          "line": 21,
          "column": 8
        },
        "end": {
          "line": 21,
          "column": 20
        }
      },
      "6": {
        "start": {
          "line": 24,
          "column": 4
        },
        "end": {
          "line": 24,
          "column": 17
        }
      },
      "7": {
        "start": {
          "line": 27,
          "column": 20
        },
        "end": {
          "line": 33,
          "column": 3
        }
      },
      "8": {
        "start": {
          "line": 29,
          "column": 4
        },
        "end": {
          "line": 31,
          "column": 5
        }
      },
      "9": {
        "start": {
          "line": 30,
          "column": 6
        },
        "end": {
          "line": 30,
          "column": 13
        }
      },
      "10": {
        "start": {
          "line": 32,
          "column": 4
        },
        "end": {
          "line": 32,
          "column": 37
        }
      },
      "11": {
        "start": {
          "line": 35,
          "column": 23
        },
        "end": {
          "line": 45,
          "column": 3
        }
      },
      "12": {
        "start": {
          "line": 36,
          "column": 4
        },
        "end": {
          "line": 44,
          "column": 6
        }
      },
      "13": {
        "start": {
          "line": 38,
          "column": 8
        },
        "end": {
          "line": 42,
          "column": 10
        }
      },
      "14": {
        "start": {
          "line": 46,
          "column": 2
        },
        "end": {
          "line": 46,
          "column": 44
        }
      }
    },
    "fnMap": {
      "0": {
        "name": "useFilters",
        "decl": {
          "start": {
            "line": 11,
            "column": 16
          },
          "end": {
            "line": 11,
            "column": 26
          }
        },
        "loc": {
          "start": {
            "line": 11,
            "column": 41
          },
          "end": {
            "line": 47,
            "column": 1
          }
        },
        "line": 11
      },
      "1": {
        "name": "(anonymous_1)",
        "decl": {
          "start": {
            "line": 14,
            "column": 30
          },
          "end": {
            "line": 14,
            "column": 31
          }
        },
        "loc": {
          "start": {
            "line": 14,
            "column": 42
          },
          "end": {
            "line": 25,
            "column": 3
          }
        },
        "line": 14
      },
      "2": {
        "name": "(anonymous_2)",
        "decl": {
          "start": {
            "line": 27,
            "column": 20
          },
          "end": {
            "line": 27,
            "column": 21
          }
        },
        "loc": {
          "start": {
            "line": 27,
            "column": 32
          },
          "end": {
            "line": 33,
            "column": 3
          }
        },
        "line": 27
      },
      "3": {
        "name": "(anonymous_3)",
        "decl": {
          "start": {
            "line": 35,
            "column": 23
          },
          "end": {
            "line": 35,
            "column": 24
          }
        },
        "loc": {
          "start": {
            "line": 35,
            "column": 35
          },
          "end": {
            "line": 45,
            "column": 3
          }
        },
        "line": 35
      },
      "4": {
        "name": "(anonymous_4)",
        "decl": {
          "start": {
            "line": 37,
            "column": 21
          },
          "end": {
            "line": 37,
            "column": 22
          }
        },
        "loc": {
          "start": {
            "line": 37,
            "column": 56
          },
          "end": {
            "line": 43,
            "column": 7
          }
        },
        "line": 37
      }
    },
    "branchMap": {
      "0": {
        "loc": {
          "start": {
            "line": 16,
            "column": 6
          },
          "end": {
            "line": 22,
            "column": 7
          }
        },
        "type": "if",
        "locations": [
          {
            "start": {
              "line": 16,
              "column": 6
            },
            "end": {
              "line": 22,
              "column": 7
            }
          },
          {
            "start": {},
            "end": {}
          }
        ],
        "line": 16
      },
      "1": {
        "loc": {
          "start": {
            "line": 17,
            "column": 8
          },
          "end": {
            "line": 19,
            "column": 41
          }
        },
        "type": "binary-expr",
        "locations": [
          {
            "start": {
              "line": 17,
              "column": 8
            },
            "end": {
              "line": 17,
              "column": 45
            }
          },
          {
            "start": {
              "line": 18,
              "column": 8
            },
            "end": {
              "line": 18,
              "column": 49
            }
          },
          {
            "start": {
              "line": 19,
              "column": 8
            },
            "end": {
              "line": 19,
              "column": 41
            }
          }
        ],
        "line": 17
      },
      "2": {
        "loc": {
          "start": {
            "line": 29,
            "column": 4
          },
          "end": {
            "line": 31,
            "column": 5
          }
        },
        "type": "if",
        "locations": [
          {
            "start": {
              "line": 29,
              "column": 4
            },
            "end": {
              "line": 31,
              "column": 5
            }
          },
          {
            "start": {},
            "end": {}
          }
        ],
        "line": 29
      },
      "3": {
        "loc": {
          "start": {
            "line": 39,
            "column": 10
          },
          "end": {
            "line": 41,
            "column": 32
          }
        },
        "type": "binary-expr",
        "locations": [
          {
            "start": {
              "line": 39,
              "column": 10
            },
            "end": {
              "line": 39,
              "column": 36
            }
          },
          {
            "start": {
              "line": 40,
              "column": 10
            },
            "end": {
              "line": 40,
              "column": 40
            }
          },
          {
            "start": {
              "line": 41,
              "column": 10
            },
            "end": {
              "line": 41,
              "column": 32
            }
          }
        ],
        "line": 39
      }
    },
    "s": {
      "0": 286,
      "1": 286,
      "2": 21,
      "3": 21,
      "4": 0,
      "5": 0,
      "6": 21,
      "7": 286,
      "8": 21,
      "9": 0,
      "10": 21,
      "11": 286,
      "12": 2,
      "13": 2,
      "14": 286
    },
    "f": {
      "0": 286,
      "1": 21,
      "2": 21,
      "3": 2,
      "4": 2
    },
    "b": {
      "0": [
        0,
        0
      ],
      "1": [
        0,
        0,
        0
      ],
      "2": [
        0,
        21
      ],
      "3": [
        2,
        2,
        2
      ]
    },
    "_coverageSchema": "1a1c01bbd47fc00a2c39e90264f33305004495a9",
    "hash": "2168d489cce3aa7c3c4fc9f31ba3daea7dd2d542"
  },
  "/Users/ihimanshu2/webapp_l02_grp15/src/cryptometrics/hooks/useOnClickOutside.js": {
    "path": "/Users/ihimanshu2/webapp_l02_grp15/src/cryptometrics/hooks/useOnClickOutside.js",
    "statementMap": {
      "0": {
        "start": {
          "line": 4,
          "column": 2
        },
        "end": {
          "line": 17,
          "column": 21
        }
      },
      "1": {
        "start": {
          "line": 5,
          "column": 21
        },
        "end": {
          "line": 10,
          "column": 5
        }
      },
      "2": {
        "start": {
          "line": 6,
          "column": 6
        },
        "end": {
          "line": 8,
          "column": 7
        }
      },
      "3": {
        "start": {
          "line": 7,
          "column": 8
        },
        "end": {
          "line": 7,
          "column": 15
        }
      },
      "4": {
        "start": {
          "line": 9,
          "column": 6
        },
        "end": {
          "line": 9,
          "column": 21
        }
      },
      "5": {
        "start": {
          "line": 11,
          "column": 4
        },
        "end": {
          "line": 11,
          "column": 53
        }
      },
      "6": {
        "start": {
          "line": 12,
          "column": 4
        },
        "end": {
          "line": 12,
          "column": 54
        }
      },
      "7": {
        "start": {
          "line": 13,
          "column": 4
        },
        "end": {
          "line": 16,
          "column": 6
        }
      },
      "8": {
        "start": {
          "line": 14,
          "column": 6
        },
        "end": {
          "line": 14,
          "column": 58
        }
      },
      "9": {
        "start": {
          "line": 15,
          "column": 6
        },
        "end": {
          "line": 15,
          "column": 59
        }
      }
    },
    "fnMap": {
      "0": {
        "name": "useOnClickOutside",
        "decl": {
          "start": {
            "line": 3,
            "column": 16
          },
          "end": {
            "line": 3,
            "column": 33
          }
        },
        "loc": {
          "start": {
            "line": 3,
            "column": 48
          },
          "end": {
            "line": 18,
            "column": 1
          }
        },
        "line": 3
      },
      "1": {
        "name": "(anonymous_1)",
        "decl": {
          "start": {
            "line": 4,
            "column": 12
          },
          "end": {
            "line": 4,
            "column": 13
          }
        },
        "loc": {
          "start": {
            "line": 4,
            "column": 18
          },
          "end": {
            "line": 17,
            "column": 3
          }
        },
        "line": 4
      },
      "2": {
        "name": "(anonymous_2)",
        "decl": {
          "start": {
            "line": 5,
            "column": 21
          },
          "end": {
            "line": 5,
            "column": 22
          }
        },
        "loc": {
          "start": {
            "line": 5,
            "column": 32
          },
          "end": {
            "line": 10,
            "column": 5
          }
        },
        "line": 5
      },
      "3": {
        "name": "(anonymous_3)",
        "decl": {
          "start": {
            "line": 13,
            "column": 11
          },
          "end": {
            "line": 13,
            "column": 12
          }
        },
        "loc": {
          "start": {
            "line": 13,
            "column": 17
          },
          "end": {
            "line": 16,
            "column": 5
          }
        },
        "line": 13
      }
    },
    "branchMap": {
      "0": {
        "loc": {
          "start": {
            "line": 6,
            "column": 6
          },
          "end": {
            "line": 8,
            "column": 7
          }
        },
        "type": "if",
        "locations": [
          {
            "start": {
              "line": 6,
              "column": 6
            },
            "end": {
              "line": 8,
              "column": 7
            }
          },
          {
            "start": {},
            "end": {}
          }
        ],
        "line": 6
      },
      "1": {
        "loc": {
          "start": {
            "line": 6,
            "column": 10
          },
          "end": {
            "line": 6,
            "column": 60
          }
        },
        "type": "binary-expr",
        "locations": [
          {
            "start": {
              "line": 6,
              "column": 10
            },
            "end": {
              "line": 6,
              "column": 21
            }
          },
          {
            "start": {
              "line": 6,
              "column": 25
            },
            "end": {
              "line": 6,
              "column": 60
            }
          }
        ],
        "line": 6
      }
    },
    "s": {
      "0": 450,
      "1": 40,
      "2": 134,
      "3": 88,
      "4": 46,
      "5": 40,
      "6": 40,
      "7": 40,
      "8": 0,
      "9": 0
    },
    "f": {
      "0": 450,
      "1": 40,
      "2": 134,
      "3": 0
    },
    "b": {
      "0": [
        88,
        46
      ],
      "1": [
        134,
        94
      ]
    },
    "_coverageSchema": "1a1c01bbd47fc00a2c39e90264f33305004495a9",
    "hash": "68b5dd2cf89a5c43afd9c9f80ffe3d13993a47fd"
  },
  "/Users/ihimanshu2/webapp_l02_grp15/src/cryptometrics/hooks/index.js": {
    "path": "/Users/ihimanshu2/webapp_l02_grp15/src/cryptometrics/hooks/index.js",
    "statementMap": {},
    "fnMap": {},
    "branchMap": {},
    "s": {},
    "f": {},
    "b": {},
    "_coverageSchema": "1a1c01bbd47fc00a2c39e90264f33305004495a9",
    "hash": "77deb60f04b6a1e73785a1821afa2ade3f39e32b"
  },
  "/Users/ihimanshu2/webapp_l02_grp15/src/cryptometrics/components/dropdown/DropdownItem.js": {
    "path": "/Users/ihimanshu2/webapp_l02_grp15/src/cryptometrics/components/dropdown/DropdownItem.js",
    "statementMap": {
      "0": {
        "start": {
          "line": 12,
          "column": 2
        },
        "end": {
          "line": 30,
          "column": 4
        }
      }
    },
    "fnMap": {
      "0": {
        "name": "DropdownItem",
        "decl": {
          "start": {
            "line": 4,
            "column": 9
          },
          "end": {
            "line": 4,
            "column": 21
          }
        },
        "loc": {
          "start": {
            "line": 11,
            "column": 3
          },
          "end": {
            "line": 31,
            "column": 1
          }
        },
        "line": 11
      }
    },
    "branchMap": {
      "0": {
        "loc": {
          "start": {
            "line": 18,
            "column": 10
          },
          "end": {
            "line": 18,
            "column": 32
          }
        },
        "type": "binary-expr",
        "locations": [
          {
            "start": {
              "line": 18,
              "column": 10
            },
            "end": {
              "line": 18,
              "column": 19
            }
          },
          {
            "start": {
              "line": 18,
              "column": 23
            },
            "end": {
              "line": 18,
              "column": 32
            }
          }
        ],
        "line": 18
      },
      "1": {
        "loc": {
          "start": {
            "line": 20,
            "column": 19
          },
          "end": {
            "line": 20,
            "column": 61
          }
        },
        "type": "cond-expr",
        "locations": [
          {
            "start": {
              "line": 20,
              "column": 42
            },
            "end": {
              "line": 20,
              "column": 51
            }
          },
          {
            "start": {
              "line": 20,
              "column": 54
            },
            "end": {
              "line": 20,
              "column": 61
            }
          }
        ],
        "line": 20
      },
      "2": {
        "loc": {
          "start": {
            "line": 20,
            "column": 19
          },
          "end": {
            "line": 20,
            "column": 39
          }
        },
        "type": "binary-expr",
        "locations": [
          {
            "start": {
              "line": 20,
              "column": 19
            },
            "end": {
              "line": 20,
              "column": 27
            }
          },
          {
            "start": {
              "line": 20,
              "column": 31
            },
            "end": {
              "line": 20,
              "column": 39
            }
          }
        ],
        "line": 20
      },
      "3": {
        "loc": {
          "start": {
            "line": 24,
            "column": 12
          },
          "end": {
            "line": 24,
            "column": 31
          }
        },
        "type": "cond-expr",
        "locations": [
          {
            "start": {
              "line": 24,
              "column": 17
            },
            "end": {
              "line": 24,
              "column": 19
            }
          },
          {
            "start": {
              "line": 24,
              "column": 22
            },
            "end": {
              "line": 24,
              "column": 31
            }
          }
        ],
        "line": 24
      }
    },
    "s": {
      "0": 904
    },
    "f": {
      "0": 904
    },
    "b": {
      "0": [
        904,
        848
      ],
      "1": [
        84,
        820
      ],
      "2": [
        904,
        876
      ],
      "3": [
        588,
        316
      ]
    },
    "_coverageSchema": "1a1c01bbd47fc00a2c39e90264f33305004495a9",
    "hash": "55c04e05c7910ea41a318fcbd428e3816819094d"
  },
  "/Users/ihimanshu2/webapp_l02_grp15/src/cryptometrics/utils/utils.js": {
    "path": "/Users/ihimanshu2/webapp_l02_grp15/src/cryptometrics/utils/utils.js",
    "statementMap": {
      "0": {
        "start": {
          "line": 5,
          "column": 2
        },
        "end": {
          "line": 5,
          "column": 31
        }
      },
      "1": {
        "start": {
          "line": 9,
          "column": 2
        },
        "end": {
          "line": 9,
          "column": 37
        }
      },
      "2": {
        "start": {
          "line": 13,
          "column": 2
        },
        "end": {
          "line": 13,
          "column": 31
        }
      },
      "3": {
        "start": {
          "line": 17,
          "column": 2
        },
        "end": {
          "line": 17,
          "column": 45
        }
      },
      "4": {
        "start": {
          "line": 21,
          "column": 2
        },
        "end": {
          "line": 21,
          "column": 51
        }
      },
      "5": {
        "start": {
          "line": 25,
          "column": 2
        },
        "end": {
          "line": 29,
          "column": 3
        }
      },
      "6": {
        "start": {
          "line": 25,
          "column": 15
        },
        "end": {
          "line": 25,
          "column": 16
        }
      },
      "7": {
        "start": {
          "line": 26,
          "column": 4
        },
        "end": {
          "line": 28,
          "column": 5
        }
      },
      "8": {
        "start": {
          "line": 27,
          "column": 6
        },
        "end": {
          "line": 27,
          "column": 21
        }
      },
      "9": {
        "start": {
          "line": 30,
          "column": 2
        },
        "end": {
          "line": 30,
          "column": 14
        }
      },
      "10": {
        "start": {
          "line": 34,
          "column": 2
        },
        "end": {
          "line": 38,
          "column": 3
        }
      },
      "11": {
        "start": {
          "line": 35,
          "column": 4
        },
        "end": {
          "line": 35,
          "column": 14
        }
      },
      "12": {
        "start": {
          "line": 36,
          "column": 9
        },
        "end": {
          "line": 38,
          "column": 3
        }
      },
      "13": {
        "start": {
          "line": 37,
          "column": 4
        },
        "end": {
          "line": 37,
          "column": 13
        }
      },
      "14": {
        "start": {
          "line": 39,
          "column": 2
        },
        "end": {
          "line": 39,
          "column": 11
        }
      },
      "15": {
        "start": {
          "line": 43,
          "column": 2
        },
        "end": {
          "line": 47,
          "column": 3
        }
      },
      "16": {
        "start": {
          "line": 44,
          "column": 4
        },
        "end": {
          "line": 44,
          "column": 14
        }
      },
      "17": {
        "start": {
          "line": 45,
          "column": 9
        },
        "end": {
          "line": 47,
          "column": 3
        }
      },
      "18": {
        "start": {
          "line": 46,
          "column": 4
        },
        "end": {
          "line": 46,
          "column": 13
        }
      },
      "19": {
        "start": {
          "line": 48,
          "column": 2
        },
        "end": {
          "line": 48,
          "column": 11
        }
      },
      "20": {
        "start": {
          "line": 52,
          "column": 2
        },
        "end": {
          "line": 56,
          "column": 3
        }
      },
      "21": {
        "start": {
          "line": 53,
          "column": 4
        },
        "end": {
          "line": 53,
          "column": 14
        }
      },
      "22": {
        "start": {
          "line": 54,
          "column": 9
        },
        "end": {
          "line": 56,
          "column": 3
        }
      },
      "23": {
        "start": {
          "line": 55,
          "column": 4
        },
        "end": {
          "line": 55,
          "column": 13
        }
      },
      "24": {
        "start": {
          "line": 57,
          "column": 2
        },
        "end": {
          "line": 57,
          "column": 11
        }
      },
      "25": {
        "start": {
          "line": 61,
          "column": 2
        },
        "end": {
          "line": 65,
          "column": 3
        }
      },
      "26": {
        "start": {
          "line": 62,
          "column": 4
        },
        "end": {
          "line": 62,
          "column": 14
        }
      },
      "27": {
        "start": {
          "line": 63,
          "column": 9
        },
        "end": {
          "line": 65,
          "column": 3
        }
      },
      "28": {
        "start": {
          "line": 64,
          "column": 4
        },
        "end": {
          "line": 64,
          "column": 13
        }
      },
      "29": {
        "start": {
          "line": 66,
          "column": 2
        },
        "end": {
          "line": 66,
          "column": 11
        }
      },
      "30": {
        "start": {
          "line": 70,
          "column": 2
        },
        "end": {
          "line": 80,
          "column": 3
        }
      },
      "31": {
        "start": {
          "line": 74,
          "column": 4
        },
        "end": {
          "line": 74,
          "column": 14
        }
      },
      "32": {
        "start": {
          "line": 75,
          "column": 9
        },
        "end": {
          "line": 80,
          "column": 3
        }
      },
      "33": {
        "start": {
          "line": 79,
          "column": 4
        },
        "end": {
          "line": 79,
          "column": 13
        }
      },
      "34": {
        "start": {
          "line": 81,
          "column": 2
        },
        "end": {
          "line": 81,
          "column": 11
        }
      },
      "35": {
        "start": {
          "line": 85,
          "column": 2
        },
        "end": {
          "line": 95,
          "column": 3
        }
      },
      "36": {
        "start": {
          "line": 89,
          "column": 4
        },
        "end": {
          "line": 89,
          "column": 14
        }
      },
      "37": {
        "start": {
          "line": 90,
          "column": 9
        },
        "end": {
          "line": 95,
          "column": 3
        }
      },
      "38": {
        "start": {
          "line": 94,
          "column": 4
        },
        "end": {
          "line": 94,
          "column": 13
        }
      },
      "39": {
        "start": {
          "line": 96,
          "column": 2
        },
        "end": {
          "line": 96,
          "column": 11
        }
      },
      "40": {
        "start": {
          "line": 100,
          "column": 2
        },
        "end": {
          "line": 100,
          "column": 72
        }
      },
      "41": {
        "start": {
          "line": 104,
          "column": 15
        },
        "end": {
          "line": 104,
          "column": 32
        }
      },
      "42": {
        "start": {
          "line": 105,
          "column": 2
        },
        "end": {
          "line": 107,
          "column": 3
        }
      },
      "43": {
        "start": {
          "line": 106,
          "column": 4
        },
        "end": {
          "line": 106,
          "column": 24
        }
      },
      "44": {
        "start": {
          "line": 108,
          "column": 2
        },
        "end": {
          "line": 108,
          "column": 26
        }
      },
      "45": {
        "start": {
          "line": 112,
          "column": 2
        },
        "end": {
          "line": 112,
          "column": 43
        }
      }
    },
    "fnMap": {
      "0": {
        "name": "less_than_number",
        "decl": {
          "start": {
            "line": 4,
            "column": 16
          },
          "end": {
            "line": 4,
            "column": 32
          }
        },
        "loc": {
          "start": {
            "line": 4,
            "column": 39
          },
          "end": {
            "line": 6,
            "column": 1
          }
        },
        "line": 4
      },
      "1": {
        "name": "equals_integer",
        "decl": {
          "start": {
            "line": 8,
            "column": 16
          },
          "end": {
            "line": 8,
            "column": 30
          }
        },
        "loc": {
          "start": {
            "line": 8,
            "column": 37
          },
          "end": {
            "line": 10,
            "column": 1
          }
        },
        "line": 8
      },
      "2": {
        "name": "greater_than_number",
        "decl": {
          "start": {
            "line": 12,
            "column": 16
          },
          "end": {
            "line": 12,
            "column": 35
          }
        },
        "loc": {
          "start": {
            "line": 12,
            "column": 42
          },
          "end": {
            "line": 14,
            "column": 1
          }
        },
        "line": 12
      },
      "3": {
        "name": "equals_string",
        "decl": {
          "start": {
            "line": 16,
            "column": 16
          },
          "end": {
            "line": 16,
            "column": 29
          }
        },
        "loc": {
          "start": {
            "line": 16,
            "column": 36
          },
          "end": {
            "line": 18,
            "column": 1
          }
        },
        "line": 16
      },
      "4": {
        "name": "contains_string",
        "decl": {
          "start": {
            "line": 20,
            "column": 16
          },
          "end": {
            "line": 20,
            "column": 31
          }
        },
        "loc": {
          "start": {
            "line": 20,
            "column": 38
          },
          "end": {
            "line": 22,
            "column": 1
          }
        },
        "line": 20
      },
      "5": {
        "name": "getCoin",
        "decl": {
          "start": {
            "line": 24,
            "column": 16
          },
          "end": {
            "line": 24,
            "column": 23
          }
        },
        "loc": {
          "start": {
            "line": 24,
            "column": 34
          },
          "end": {
            "line": 31,
            "column": 1
          }
        },
        "line": 24
      },
      "6": {
        "name": "sort_by_price_low_to_high",
        "decl": {
          "start": {
            "line": 33,
            "column": 16
          },
          "end": {
            "line": 33,
            "column": 41
          }
        },
        "loc": {
          "start": {
            "line": 33,
            "column": 48
          },
          "end": {
            "line": 40,
            "column": 1
          }
        },
        "line": 33
      },
      "7": {
        "name": "sort_by_price_high_to_low",
        "decl": {
          "start": {
            "line": 42,
            "column": 16
          },
          "end": {
            "line": 42,
            "column": 41
          }
        },
        "loc": {
          "start": {
            "line": 42,
            "column": 48
          },
          "end": {
            "line": 49,
            "column": 1
          }
        },
        "line": 42
      },
      "8": {
        "name": "sort_by_name_ascending",
        "decl": {
          "start": {
            "line": 51,
            "column": 16
          },
          "end": {
            "line": 51,
            "column": 38
          }
        },
        "loc": {
          "start": {
            "line": 51,
            "column": 45
          },
          "end": {
            "line": 58,
            "column": 1
          }
        },
        "line": 51
      },
      "9": {
        "name": "sort_by_name_descending",
        "decl": {
          "start": {
            "line": 60,
            "column": 16
          },
          "end": {
            "line": 60,
            "column": 39
          }
        },
        "loc": {
          "start": {
            "line": 60,
            "column": 46
          },
          "end": {
            "line": 67,
            "column": 1
          }
        },
        "line": 60
      },
      "10": {
        "name": "sort_by_price_change_percentage_low_to_high",
        "decl": {
          "start": {
            "line": 69,
            "column": 16
          },
          "end": {
            "line": 69,
            "column": 59
          }
        },
        "loc": {
          "start": {
            "line": 69,
            "column": 66
          },
          "end": {
            "line": 82,
            "column": 1
          }
        },
        "line": 69
      },
      "11": {
        "name": "sort_by_price_change_percentage_high_to_low",
        "decl": {
          "start": {
            "line": 84,
            "column": 16
          },
          "end": {
            "line": 84,
            "column": 59
          }
        },
        "loc": {
          "start": {
            "line": 84,
            "column": 66
          },
          "end": {
            "line": 97,
            "column": 1
          }
        },
        "line": 84
      },
      "12": {
        "name": "parseCookies",
        "decl": {
          "start": {
            "line": 99,
            "column": 16
          },
          "end": {
            "line": 99,
            "column": 28
          }
        },
        "loc": {
          "start": {
            "line": 99,
            "column": 34
          },
          "end": {
            "line": 101,
            "column": 1
          }
        },
        "line": 99
      },
      "13": {
        "name": "getCookie",
        "decl": {
          "start": {
            "line": 103,
            "column": 16
          },
          "end": {
            "line": 103,
            "column": 25
          }
        },
        "loc": {
          "start": {
            "line": 103,
            "column": 46
          },
          "end": {
            "line": 109,
            "column": 1
          }
        },
        "line": 103
      },
      "14": {
        "name": "setCookie",
        "decl": {
          "start": {
            "line": 111,
            "column": 16
          },
          "end": {
            "line": 111,
            "column": 25
          }
        },
        "loc": {
          "start": {
            "line": 111,
            "column": 39
          },
          "end": {
            "line": 113,
            "column": 1
          }
        },
        "line": 111
      }
    },
    "branchMap": {
      "0": {
        "loc": {
          "start": {
            "line": 26,
            "column": 4
          },
          "end": {
            "line": 28,
            "column": 5
          }
        },
        "type": "if",
        "locations": [
          {
            "start": {
              "line": 26,
              "column": 4
            },
            "end": {
              "line": 28,
              "column": 5
            }
          },
          {
            "start": {},
            "end": {}
          }
        ],
        "line": 26
      },
      "1": {
        "loc": {
          "start": {
            "line": 34,
            "column": 2
          },
          "end": {
            "line": 38,
            "column": 3
          }
        },
        "type": "if",
        "locations": [
          {
            "start": {
              "line": 34,
              "column": 2
            },
            "end": {
              "line": 38,
              "column": 3
            }
          },
          {
            "start": {
              "line": 36,
              "column": 9
            },
            "end": {
              "line": 38,
              "column": 3
            }
          }
        ],
        "line": 34
      },
      "2": {
        "loc": {
          "start": {
            "line": 36,
            "column": 9
          },
          "end": {
            "line": 38,
            "column": 3
          }
        },
        "type": "if",
        "locations": [
          {
            "start": {
              "line": 36,
              "column": 9
            },
            "end": {
              "line": 38,
              "column": 3
            }
          },
          {
            "start": {},
            "end": {}
          }
        ],
        "line": 36
      },
      "3": {
        "loc": {
          "start": {
            "line": 43,
            "column": 2
          },
          "end": {
            "line": 47,
            "column": 3
          }
        },
        "type": "if",
        "locations": [
          {
            "start": {
              "line": 43,
              "column": 2
            },
            "end": {
              "line": 47,
              "column": 3
            }
          },
          {
            "start": {
              "line": 45,
              "column": 9
            },
            "end": {
              "line": 47,
              "column": 3
            }
          }
        ],
        "line": 43
      },
      "4": {
        "loc": {
          "start": {
            "line": 45,
            "column": 9
          },
          "end": {
            "line": 47,
            "column": 3
          }
        },
        "type": "if",
        "locations": [
          {
            "start": {
              "line": 45,
              "column": 9
            },
            "end": {
              "line": 47,
              "column": 3
            }
          },
          {
            "start": {},
            "end": {}
          }
        ],
        "line": 45
      },
      "5": {
        "loc": {
          "start": {
            "line": 52,
            "column": 2
          },
          "end": {
            "line": 56,
            "column": 3
          }
        },
        "type": "if",
        "locations": [
          {
            "start": {
              "line": 52,
              "column": 2
            },
            "end": {
              "line": 56,
              "column": 3
            }
          },
          {
            "start": {
              "line": 54,
              "column": 9
            },
            "end": {
              "line": 56,
              "column": 3
            }
          }
        ],
        "line": 52
      },
      "6": {
        "loc": {
          "start": {
            "line": 54,
            "column": 9
          },
          "end": {
            "line": 56,
            "column": 3
          }
        },
        "type": "if",
        "locations": [
          {
            "start": {
              "line": 54,
              "column": 9
            },
            "end": {
              "line": 56,
              "column": 3
            }
          },
          {
            "start": {},
            "end": {}
          }
        ],
        "line": 54
      },
      "7": {
        "loc": {
          "start": {
            "line": 61,
            "column": 2
          },
          "end": {
            "line": 65,
            "column": 3
          }
        },
        "type": "if",
        "locations": [
          {
            "start": {
              "line": 61,
              "column": 2
            },
            "end": {
              "line": 65,
              "column": 3
            }
          },
          {
            "start": {
              "line": 63,
              "column": 9
            },
            "end": {
              "line": 65,
              "column": 3
            }
          }
        ],
        "line": 61
      },
      "8": {
        "loc": {
          "start": {
            "line": 63,
            "column": 9
          },
          "end": {
            "line": 65,
            "column": 3
          }
        },
        "type": "if",
        "locations": [
          {
            "start": {
              "line": 63,
              "column": 9
            },
            "end": {
              "line": 65,
              "column": 3
            }
          },
          {
            "start": {},
            "end": {}
          }
        ],
        "line": 63
      },
      "9": {
        "loc": {
          "start": {
            "line": 70,
            "column": 2
          },
          "end": {
            "line": 80,
            "column": 3
          }
        },
        "type": "if",
        "locations": [
          {
            "start": {
[...]
          },
          "end": {
            "line": 118,
            "column": 27
          }
        },
        "loc": {
          "start": {
            "line": 118,
            "column": 32
          },
          "end": {
            "line": 118,
            "column": 61
          }
        },
        "line": 118
      },
      "11": {
        "name": "(anonymous_11)",
        "decl": {
          "start": {
            "line": 124,
            "column": 43
          },
          "end": {
            "line": 124,
            "column": 44
          }
        },
        "loc": {
          "start": {
            "line": 124,
            "column": 60
          },
          "end": {
            "line": 137,
            "column": 25
          }
        },
        "line": 124
      },
      "12": {
        "name": "(anonymous_12)",
        "decl": {
          "start": {
            "line": 127,
            "column": 39
          },
          "end": {
            "line": 127,
            "column": 40
          }
        },
        "loc": {
          "start": {
            "line": 127,
            "column": 45
          },
          "end": {
            "line": 127,
            "column": 69
          }
        },
        "line": 127
      },
      "13": {
        "name": "(anonymous_13)",
        "decl": {
          "start": {
            "line": 148,
            "column": 29
          },
          "end": {
            "line": 148,
            "column": 30
          }
        },
        "loc": {
          "start": {
            "line": 148,
            "column": 46
          },
          "end": {
            "line": 164,
            "column": 17
          }
        },
        "line": 148
      },
      "14": {
        "name": "(anonymous_14)",
        "decl": {
          "start": {
            "line": 161,
            "column": 37
          },
          "end": {
            "line": 161,
            "column": 38
          }
        },
        "loc": {
          "start": {
            "line": 161,
            "column": 43
          },
          "end": {
            "line": 161,
            "column": 63
          }
        },
        "line": 161
      },
      "15": {
        "name": "(anonymous_15)",
        "decl": {
          "start": {
            "line": 168,
            "column": 29
          },
          "end": {
            "line": 168,
            "column": 30
          }
        },
        "loc": {
          "start": {
            "line": 169,
            "column": 22
          },
          "end": {
            "line": 169,
            "column": 69
          }
        },
        "line": 169
      },
      "16": {
        "name": "(anonymous_16)",
        "decl": {
          "start": {
            "line": 179,
            "column": 26
          },
          "end": {
            "line": 179,
            "column": 27
          }
        },
        "loc": {
          "start": {
            "line": 180,
            "column": 28
          },
          "end": {
            "line": 182,
            "column": 42
          }
        },
        "line": 180
      },
      "17": {
        "name": "(anonymous_17)",
        "decl": {
          "start": {
            "line": 181,
            "column": 30
          },
          "end": {
            "line": 181,
            "column": 31
          }
        },
        "loc": {
          "start": {
            "line": 181,
            "column": 42
          },
          "end": {
            "line": 181,
            "column": 67
          }
        },
        "line": 181
      },
      "18": {
        "name": "(anonymous_18)",
        "decl": {
          "start": {
            "line": 184,
            "column": 32
          },
          "end": {
            "line": 184,
            "column": 33
          }
        },
        "loc": {
          "start": {
            "line": 184,
            "column": 46
          },
          "end": {
            "line": 187,
            "column": 25
          }
        },
        "line": 184
      },
      "19": {
        "name": "(anonymous_19)",
        "decl": {
          "start": {
            "line": 202,
            "column": 57
          },
          "end": {
            "line": 202,
            "column": 58
          }
        },
        "loc": {
          "start": {
            "line": 203,
            "column": 22
          },
          "end": {
            "line": 203,
            "column": 57
          }
        },
        "line": 203
      },
      "20": {
        "name": "(anonymous_20)",
        "decl": {
          "start": {
            "line": 206,
            "column": 39
          },
          "end": {
            "line": 206,
            "column": 40
          }
        },
        "loc": {
          "start": {
            "line": 206,
            "column": 49
          },
          "end": {
            "line": 237,
            "column": 21
          }
        },
        "line": 206
      },
      "21": {
        "name": "(anonymous_21)",
        "decl": {
          "start": {
            "line": 294,
            "column": 43
          },
          "end": {
            "line": 294,
            "column": 44
          }
        },
        "loc": {
          "start": {
            "line": 294,
            "column": 60
          },
          "end": {
            "line": 400,
            "column": 25
          }
        },
        "line": 294
      },
      "22": {
        "name": "(anonymous_22)",
        "decl": {
          "start": {
            "line": 417,
            "column": 23
          },
          "end": {
            "line": 417,
            "column": 24
          }
        },
        "loc": {
          "start": {
            "line": 417,
            "column": 42
          },
          "end": {
            "line": 426,
            "column": 1
          }
        },
        "line": 417
      }
    },
    "branchMap": {
      "0": {
        "loc": {
          "start": {
            "line": 42,
            "column": 56
          },
          "end": {
            "line": 42,
            "column": 76
          }
        },
        "type": "binary-expr",
        "locations": [
          {
            "start": {
              "line": 42,
              "column": 56
            },
            "end": {
              "line": 42,
              "column": 70
            }
          },
          {
            "start": {
              "line": 42,
              "column": 74
            },
            "end": {
              "line": 42,
              "column": 76
            }
          }
        ],
        "line": 42
      },
      "1": {
        "loc": {
          "start": {
            "line": 54,
            "column": 4
          },
          "end": {
            "line": 58,
            "column": 5
          }
        },
        "type": "if",
        "locations": [
          {
            "start": {
              "line": 54,
              "column": 4
            },
            "end": {
              "line": 58,
              "column": 5
            }
          },
          {
            "start": {
              "line": 56,
              "column": 11
            },
            "end": {
              "line": 58,
              "column": 5
            }
          }
        ],
        "line": 54
      },
      "2": {
        "loc": {
          "start": {
            "line": 81,
            "column": 4
          },
          "end": {
            "line": 92,
            "column": 5
          }
        },
        "type": "if",
        "locations": [
          {
            "start": {
              "line": 81,
              "column": 4
            },
            "end": {
              "line": 92,
              "column": 5
            }
          },
          {
            "start": {
              "line": 85,
              "column": 11
            },
            "end": {
              "line": 92,
              "column": 5
            }
          }
        ],
        "line": 81
      },
      "3": {
        "loc": {
          "start": {
            "line": 120,
            "column": 17
          },
          "end": {
            "line": 143,
            "column": 17
          }
        },
        "type": "binary-expr",
        "locations": [
          {
            "start": {
              "line": 120,
              "column": 17
            },
            "end": {
              "line": 120,
              "column": 36
            }
          },
          {
            "start": {
              "line": 121,
              "column": 18
            },
            "end": {
              "line": 142,
              "column": 24
            }
          }
        ],
        "line": 120
      },
      "4": {
        "loc": {
          "start": {
            "line": 123,
            "column": 23
          },
          "end": {
            "line": 140,
            "column": 23
          }
        },
        "type": "cond-expr",
        "locations": [
          {
            "start": {
              "line": 124,
              "column": 24
            },
            "end": {
              "line": 137,
              "column": 26
            }
          },
          {
            "start": {
              "line": 139,
              "column": 24
            },
            "end": {
              "line": 139,
              "column": 72
            }
          }
        ],
        "line": 123
      },
      "5": {
        "loc": {
          "start": {
            "line": 169,
            "column": 22
          },
          "end": {
            "line": 169,
            "column": 69
          }
        },
        "type": "binary-expr",
        "locations": [
          {
            "start": {
              "line": 169,
              "column": 22
            },
            "end": {
              "line": 169,
              "column": 52
            }
          },
          {
            "start": {
              "line": 169,
              "column": 56
            },
            "end": {
              "line": 169,
              "column": 69
            }
          }
        ],
        "line": 169
      },
      "6": {
        "loc": {
          "start": {
            "line": 172,
            "column": 19
          },
          "end": {
            "line": 189,
            "column": 19
          }
        },
        "type": "binary-expr",
        "locations": [
          {
            "start": {
              "line": 172,
              "column": 19
            },
            "end": {
              "line": 172,
              "column": 31
            }
          },
          {
            "start": {
              "line": 173,
              "column": 20
            },
            "end": {
              "line": 188,
              "column": 22
            }
          }
        ],
        "line": 172
      },
      "7": {
        "loc": {
          "start": {
            "line": 201,
            "column": 19
          },
          "end": {
            "line": 242,
            "column": 19
          }
        },
        "type": "cond-expr",
        "locations": [
          {
            "start": {
              "line": 202,
              "column": 20
            },
            "end": {
              "line": 204,
              "column": 22
            }
          },
          {
            "start": {
              "line": 205,
              "column": 22
            },
            "end": {
              "line": 242,
              "column": 19
            }
          }
        ],
        "line": 201
      },
      "8": {
        "loc": {
          "start": {
            "line": 205,
            "column": 22
          },
          "end": {
            "line": 242,
            "column": 19
          }
        },
        "type": "cond-expr",
        "locations": [
          {
            "start": {
              "line": 206,
              "column": 20
            },
            "end": {
              "line": 237,
              "column": 22
            }
          },
          {
            "start": {
              "line": 239,
              "column": 20
            },
            "end": {
              "line": 241,
              "column": 26
            }
          }
        ],
        "line": 205
      },
      "9": {
        "loc": {
          "start": {
            "line": 205,
            "column": 22
          },
          "end": {
            "line": 205,
            "column": 73
          }
        },
        "type": "binary-expr",
        "locations": [
          {
            "start": {
              "line": 205,
              "column": 22
            },
            "end": {
              "line": 205,
              "column": 44
            }
          },
          {
            "start": {
              "line": 205,
              "column": 48
            },
            "end": {
              "line": 205,
              "column": 73
            }
          }
        ],
        "line": 205
      },
      "10": {
        "loc": {
          "start": {
            "line": 224,
            "column": 28
          },
          "end": {
            "line": 226,
            "column": 46
          }
        },
        "type": "cond-expr",
        "locations": [
          {
            "start": {
              "line": 225,
              "column": 32
            },
            "end": {
              "line": 225,
              "column": 48
            }
          },
          {
            "start": {
              "line": 226,
              "column": 32
            },
            "end": {
              "line": 226,
              "column": 46
            }
          }
        ],
        "line": 224
      },
      "11": {
        "loc": {
          "start": {
            "line": 229,
            "column": 28
          },
          "end": {
            "line": 231,
            "column": 43
          }
        },
        "type": "cond-expr",
        "locations": [
          {
            "start": {
              "line": 230,
              "column": 32
            },
            "end": {
              "line": 230,
              "column": 43
            }
          },
          {
            "start": {
              "line": 231,
              "column": 32
            },
            "end": {
              "line": 231,
              "column": 43
            }
          }
        ],
        "line": 229
      },
      "12": {
        "loc": {
          "start": {
            "line": 249,
            "column": 17
          },
          "end": {
            "line": 407,
            "column": 17
          }
        },
        "type": "cond-expr",
        "locations": [
          {
            "start": {
              "line": 250,
              "column": 18
            },
            "end": {
              "line": 402,
              "column": 26
            }
          },
          {
            "start": {
              "line": 404,
              "column": 18
            },
            "end": {
              "line": 406,
              "column": 24
            }
          }
        ],
        "line": 249
      },
      "13": {
        "loc": {
          "start": {
            "line": 293,
            "column": 23
          },
          "end": {
            "line": 400,
            "column": 26
          }
        },
        "type": "binary-expr",
        "locations": [
          {
            "start": {
              "line": 293,
              "column": 23
            },
            "end": {
              "line": 293,
              "column": 45
            }
          },
          {
            "start": {
              "line": 294,
              "column": 24
            },
            "end": {
              "line": 400,
              "column": 26
            }
          }
        ],
        "line": 293
      },
      "14": {
        "loc": {
          "start": {
            "line": 375,
            "column": 39
          },
          "end": {
            "line": 381,
            "column": 43
          }
        },
        "type": "cond-expr",
        "locations": [
          {
            "start": {
              "line": 378,
              "column": 42
            },
            "end": {
              "line": 378,
              "column": 63
            }
          },
          {
            "start": {
              "line": 379,
              "column": 42
            },
            "end": {
              "line": 381,
              "column": 43
            }
          }
        ],
        "line": 375
      },
      "15": {
        "loc": {
          "start": {
            "line": 389,
            "column": 42
          },
          "end": {
            "line": 391,
            "column": 55
          }
        },
        "type": "cond-expr",
        "locations": [
          {
            "start": {
              "line": 390,
              "column": 46
            },
            "end": {
              "line": 390,
              "column": 55
            }
          },
          {
            "start": {
              "line": 391,
              "column": 46
            },
            "end": {
              "line": 391,
              "column": 55
            }
          }
        ],
        "line": 389
      },
      "16": {
        "loc": {
          "start": {
            "line": 420,
            "column": 2
          },
          "end": {
            "line": 422,
            "column": 3
          }
        },
        "type": "if",
        "locations": [
          {
            "start": {
              "line": 420,
              "column": 2
            },
            "end": {
              "line": 422,
              "column": 3
            }
          },
          {
            "start": {},
            "end": {}
          }
        ],
        "line": 420
      }
    },
    "s": {
      "0": 286,
      "1": 286,
      "2": 286,
      "3": 286,
      "4": 286,
      "5": 286,
      "6": 40,
      "7": 286,
      "8": 286,
      "9": 286,
      "10": 286,
      "11": 28,
      "12": 28,
      "13": 28,
      "14": 0,
      "15": 28,
      "16": 28,
      "17": 0,
      "18": 286,
      "19": 51,
      "20": 286,
      "21": 0,
      "22": 286,
      "23": 4494,
      "24": 286,
      "25": 286,
      "26": 48,
      "27": 48,
      "28": 4,
      "29": 44,
      "30": 840,
      "31": 286,
      "32": 28,
      "33": 4,
      "34": 4,
      "35": 296,
      "36": 0,
      "37": 48,
      "38": 2,
      "39": 21,
      "40": 270,
      "41": 0,
      "42": 270,
      "43": 270,
      "44": 1512,
      "45": 2522,
      "46": 2522,
      "47": 28,
      "48": 0,
      "49": 0,
      "50": 0,
      "51": 0,
      "52": 0
    },
    "f": {
      "0": 286,
      "1": 40,
      "2": 28,
      "3": 0,
      "4": 51,
      "5": 0,
      "6": 4494,
      "7": 840,
      "8": 28,
      "9": 4,
      "10": 4,
      "11": 296,
      "12": 0,
      "13": 48,
      "14": 2,
      "15": 21,
      "16": 270,
      "17": 0,
      "18": 270,
      "19": 1512,
      "20": 2522,
      "21": 2522,
      "22": 0
    },
    "b": {
      "0": [
        286,
        0
      ],
      "1": [
        28,
        0
      ],
      "2": [
        4,
        44
      ],
      "3": [
        286,
        76
      ],
      "4": [
        44,
        32
      ],
      "5": [
        21,
        0
      ],
      "6": [
        286,
        54
      ],
      "7": [
        72,
        214
      ],
      "8": [
        178,
        36
      ],
      "9": [
        214,
        214
      ],
      "10": [
        948,
        1574
      ],
      "11": [
        948,
        1574
      ],
      "12": [
        178,
        108
      ],
      "13": [
        178,
        178
      ],
      "14": [
        0,
        2522
      ],
      "15": [
        948,
        1574
      ],
      "16": [
        0,
        0
      ]
    },
    "_coverageSchema": "1a1c01bbd47fc00a2c39e90264f33305004495a9",
    "hash": "ca0c01879bf17871031d0f7586202074845c8979"
  }
}